<?xml version="1.0" encoding="UTF-8"?>
<testsuite name="validation.TypeValidationTest" tests="3" skipped="0" failures="0" errors="0" timestamp="2022-06-05T16:08:32" hostname="Utkashs-MacBook-Pro.local" time="0.11">
  <properties/>
  <testcase name="shouldReturnJsonArrayWithNoErrors()" classname="validation.TypeValidationTest" time="0.047"/>
  <testcase name="shouldReturnJsonArrayWithMultipleErrors()" classname="validation.TypeValidationTest" time="0.034"/>
  <testcase name="shouldPerformTypeValidationCheck()" classname="validation.TypeValidationTest" time="0.029"/>
  <system-out><![CDATA[]]></system-out>
  <system-err><![CDATA[]]></system-err>
</testsuite>
