<?xml version="1.0" encoding="UTF-8"?>
<testsuite name="routeHandler.postRouteHandler.postResponse.HandleCSVMetaDataTest" tests="1" skipped="1" failures="0" errors="0" timestamp="2022-06-06T07:32:21" hostname="Utkashs-MacBook-Pro.local" time="0.0">
  <properties/>
  <testcase name="shouldBeAbleToGetResponseForConfigPOSTRequest()" classname="routeHandler.postRouteHandler.postResponse.HandleCSVMetaDataTest" time="0.0">
    <skipped/>
  </testcase>
  <system-out><![CDATA[]]></system-out>
  <system-err><![CDATA[]]></system-err>
</testsuite>
