<?xml version="1.0" encoding="UTF-8"?>
<testsuite name="validation.LengthValidationTest" tests="3" skipped="0" failures="0" errors="0" timestamp="2022-06-06T11:58:20" hostname="Utkashs-MacBook-Pro.local" time="7.145">
  <properties/>
  <testcase name="shouldReturnJsonArrayWithNoErrors()" classname="validation.LengthValidationTest" time="2.77"/>
  <testcase name="shouldPerformLengthValidationCheck()" classname="validation.LengthValidationTest" time="2.188"/>
  <testcase name="shouldReturnJsonArrayWithMultipleErrors()" classname="validation.LengthValidationTest" time="2.187"/>
  <system-out><![CDATA[{Export=[2, 3, 4]}
]]></system-out>
  <system-err><![CDATA[]]></system-err>
</testsuite>
