<?xml version="1.0" encoding="UTF-8"?>
<testsuite name="validation.TypeValidationTest" tests="3" skipped="0" failures="0" errors="0" timestamp="2022-06-07T06:19:45" hostname="Utkashs-MacBook-Pro.local" time="7.918">
  <properties/>
  <testcase name="shouldReturnJsonArrayWithNoErrors()" classname="validation.TypeValidationTest" time="2.8"/>
  <testcase name="shouldReturnJsonArrayWithMultipleErrors()" classname="validation.TypeValidationTest" time="2.62"/>
  <testcase name="shouldPerformTypeValidationCheck()" classname="validation.TypeValidationTest" time="2.497"/>
  <system-out><![CDATA[]]></system-out>
  <system-err><![CDATA[]]></system-err>
</testsuite>
