<?xml version="1.0" encoding="UTF-8"?>
<testsuite name="validation.NullValidationTest" tests="4" skipped="0" failures="0" errors="0" timestamp="2022-06-07T06:19:26" hostname="Utkashs-MacBook-Pro.local" time="10.022">
  <properties/>
  <testcase name="shouldCheckIfNullValuesInMultipleFieldsAreAllowed()" classname="validation.NullValidationTest" time="2.627"/>
  <testcase name="shouldCheckIfNullValuesInMultipleFieldsAreNotAllowed()" classname="validation.NullValidationTest" time="2.513"/>
  <testcase name="shouldCheckIfNullValuesAreNotAllowed()" classname="validation.NullValidationTest" time="2.525"/>
  <testcase name="shouldCheckIfNullValuesAreAllowed()" classname="validation.NullValidationTest" time="2.356"/>
  <system-out><![CDATA[]]></system-out>
  <system-err><![CDATA[]]></system-err>
</testsuite>
