<?xml version="1.0" encoding="UTF-8"?>
<testsuite name="database.DatabaseOperationsTest" tests="8" skipped="0" failures="0" errors="0" timestamp="2022-06-06T04:27:37" hostname="Utkashs-MacBook-Pro.local" time="0.6">
  <properties/>
  <testcase name="shouldBeAbleToGetConfigNamesFromTheDatabase()" classname="database.DatabaseOperationsTest" time="0.404"/>
  <testcase name="shouldBeAbleToReadConfigDataFromDatabase()" classname="database.DatabaseOperationsTest" time="0.091"/>
  <testcase name="shouldBeAbleToReturnTrueIfConfigNameIsPresentInTheDatabase()" classname="database.DatabaseOperationsTest" time="0.012"/>
  <testcase name="shouldNotBeAbleToAddTheFieldsInTheDatabase()" classname="database.DatabaseOperationsTest" time="0.016"/>
  <testcase name="shouldBeAbleToAddTheDateTimeFieldsInTheDatabase()" classname="database.DatabaseOperationsTest" time="0.017"/>
  <testcase name="shouldBeAbleToReturnFalseIfConfigNameIsPresentInTheDatabase()" classname="database.DatabaseOperationsTest" time="0.013"/>
  <testcase name="shouldBeAbleToAddTheFieldsInTheDatabase()" classname="database.DatabaseOperationsTest" time="0.023"/>
  <testcase name="shouldBeAbleToAddTheLengthFieldInTheDatabase()" classname="database.DatabaseOperationsTest" time="0.019"/>
  <system-out><![CDATA[]]></system-out>
  <system-err><![CDATA[]]></system-err>
</testsuite>
