<?xml version="1.0" encoding="UTF-8"?>
<testsuite name="validation.NullValidationTest" tests="4" skipped="0" failures="0" errors="0" timestamp="2022-06-06T09:04:38" hostname="Utkashs-MacBook-Pro.local" time="0.079">
  <properties/>
  <testcase name="shouldCheckIfNullValuesInMultipleFieldsAreAllowed()" classname="validation.NullValidationTest" time="0.022"/>
  <testcase name="shouldCheckIfNullValuesInMultipleFieldsAreNotAllowed()" classname="validation.NullValidationTest" time="0.016"/>
  <testcase name="shouldCheckIfNullValuesAreNotAllowed()" classname="validation.NullValidationTest" time="0.017"/>
  <testcase name="shouldCheckIfNullValuesAreAllowed()" classname="validation.NullValidationTest" time="0.024"/>
  <system-out><![CDATA[]]></system-out>
  <system-err><![CDATA[]]></system-err>
</testsuite>
