<?xml version="1.0" encoding="UTF-8"?>
<testsuite name="validation.DuplicateTest" tests="4" skipped="0" failures="0" errors="0" timestamp="2022-06-06T11:58:11" hostname="Utkashs-MacBook-Pro.local" time="8.8">
  <properties/>
  <testcase name="shouldReturnAllDuplicatePairsIfPresent()" classname="validation.DuplicateTest" time="2.092"/>
  <testcase name="shouldReturnEmptyMapForNoDuplicates()" classname="validation.DuplicateTest" time="2.292"/>
  <testcase name="shouldReturnDifferentDuplicatePairsIfPresent()" classname="validation.DuplicateTest" time="2.046"/>
  <testcase name="shouldReturnDuplicatePairsIfPresent()" classname="validation.DuplicateTest" time="2.37"/>
  <system-out><![CDATA[{2=[1], 3=[1]}
{2=[1], 4=[3]}
]]></system-out>
  <system-err><![CDATA[]]></system-err>
</testsuite>
