<?xml version="1.0" encoding="UTF-8"?>
<testsuite name="validation.PrependingZeroesValidationTest" tests="5" skipped="0" failures="0" errors="0" timestamp="2022-06-07T06:19:37" hostname="Utkashs-MacBook-Pro.local" time="7.358">
  <properties/>
  <testcase name="shouldPerformPrependingZeroesCheckWithNoErrors()" classname="validation.PrependingZeroesValidationTest" time="2.724"/>
  <testcase name="shouldFalseTrueIfValueDoesNotHavePrependingZeroes()" classname="validation.PrependingZeroesValidationTest" time="0.001"/>
  <testcase name="shouldReturnTrueForPrependingZeroesValues()" classname="validation.PrependingZeroesValidationTest" time="0.001"/>
  <testcase name="shouldPerformPrependingZeroesCheckWithMultipleErrors()" classname="validation.PrependingZeroesValidationTest" time="2.356"/>
  <testcase name="shouldPerformPrependingZeroesCheck()" classname="validation.PrependingZeroesValidationTest" time="2.275"/>
  <system-out><![CDATA[]]></system-out>
  <system-err><![CDATA[]]></system-err>
</testsuite>
