<?xml version="1.0" encoding="UTF-8"?>
<testsuite name="validation.DuplicateTest" tests="4" skipped="0" failures="0" errors="0" timestamp="2022-06-06T04:25:56" hostname="Utkashs-MacBook-Pro.local" time="0.08">
  <properties/>
  <testcase name="shouldReturnAllDuplicatePairsIfPresent()" classname="validation.DuplicateTest" time="0.022"/>
  <testcase name="shouldReturnEmptyMapForNoDuplicates()" classname="validation.DuplicateTest" time="0.019"/>
  <testcase name="shouldReturnDifferentDuplicatePairsIfPresent()" classname="validation.DuplicateTest" time="0.022"/>
  <testcase name="shouldReturnDuplicatePairsIfPresent()" classname="validation.DuplicateTest" time="0.017"/>
  <system-out><![CDATA[{2=[1], 3=[1]}
{2=[1], 4=[3]}
]]></system-out>
  <system-err><![CDATA[]]></system-err>
</testsuite>
