<?xml version="1.0" encoding="UTF-8"?>
<testsuite name="validation.NullValidationTest" tests="4" skipped="0" failures="0" errors="0" timestamp="2022-06-06T08:29:06" hostname="Utkashs-MacBook-Pro.local" time="0.006">
  <properties/>
  <testcase name="shouldCheckIfNullValuesInMultipleFieldsAreAllowed()" classname="validation.NullValidationTest" time="0.001"/>
  <testcase name="shouldCheckIfNullValuesInMultipleFieldsAreNotAllowed()" classname="validation.NullValidationTest" time="0.001"/>
  <testcase name="shouldCheckIfNullValuesAreNotAllowed()" classname="validation.NullValidationTest" time="0.002"/>
  <testcase name="shouldCheckIfNullValuesAreAllowed()" classname="validation.NullValidationTest" time="0.001"/>
  <system-out><![CDATA[]]></system-out>
  <system-err><![CDATA[]]></system-err>
</testsuite>
