<?xml version="1.0" encoding="UTF-8"?>
<testsuite name="validation.DependencyValidationTest" tests="3" skipped="0" failures="0" errors="0" timestamp="2022-06-06T12:31:23" hostname="Utkashs-MacBook-Pro.local" time="6.342">
  <properties/>
  <testcase name="shouldReturnJsonArrayWithNoErrors()" classname="validation.DependencyValidationTest" time="2.168"/>
  <testcase name="shouldReturnJsonArrayWithMultipleErrors()" classname="validation.DependencyValidationTest" time="2.11"/>
  <testcase name="shouldPerformDependencyCheck()" classname="validation.DependencyValidationTest" time="2.063"/>
  <system-out><![CDATA[]]></system-out>
  <system-err><![CDATA[]]></system-err>
</testsuite>
