<?xml version="1.0" encoding="UTF-8"?>
<testsuite name="validation.ValueValidationTest" tests="5" skipped="0" failures="0" errors="0" timestamp="2022-06-06T09:04:38" hostname="Utkashs-MacBook-Pro.local" time="0.046">
  <properties/>
  <testcase name="shouldReturnTrueIfValueIsPresent()" classname="validation.ValueValidationTest" time="0.0"/>
  <testcase name="shouldReturnFalseIfValueIsNotPresent()" classname="validation.ValueValidationTest" time="0.0"/>
  <testcase name="shouldReturnJsonArrayWithNoErrors()" classname="validation.ValueValidationTest" time="0.015"/>
  <testcase name="shouldPerformLengthValidationCheck()" classname="validation.ValueValidationTest" time="0.014"/>
  <testcase name="shouldReturnJsonArrayWithMultipleErrors()" classname="validation.ValueValidationTest" time="0.015"/>
  <system-out><![CDATA[]]></system-out>
  <system-err><![CDATA[]]></system-err>
</testsuite>
