<?xml version="1.0" encoding="UTF-8"?>
<testsuite name="validation.TypeValidationTest" tests="3" skipped="0" failures="0" errors="0" timestamp="2022-06-06T04:27:39" hostname="Utkashs-MacBook-Pro.local" time="0.07">
  <properties/>
  <testcase name="shouldReturnJsonArrayWithNoErrors()" classname="validation.TypeValidationTest" time="0.029"/>
  <testcase name="shouldReturnJsonArrayWithMultipleErrors()" classname="validation.TypeValidationTest" time="0.024"/>
  <testcase name="shouldPerformTypeValidationCheck()" classname="validation.TypeValidationTest" time="0.017"/>
  <system-out><![CDATA[]]></system-out>
  <system-err><![CDATA[]]></system-err>
</testsuite>
