<?xml version="1.0" encoding="UTF-8"?>
<testsuite name="validation.ValueValidationTest" tests="5" skipped="0" failures="0" errors="0" timestamp="2022-06-07T06:19:54" hostname="Utkashs-MacBook-Pro.local" time="7.618">
  <properties/>
  <testcase name="shouldReturnTrueIfValueIsPresent()" classname="validation.ValueValidationTest" time="0.022"/>
  <testcase name="shouldReturnFalseIfValueIsNotPresent()" classname="validation.ValueValidationTest" time="0.001"/>
  <testcase name="shouldReturnJsonArrayWithNoErrors()" classname="validation.ValueValidationTest" time="2.508"/>
  <testcase name="shouldPerformLengthValidationCheck()" classname="validation.ValueValidationTest" time="2.528"/>
  <testcase name="shouldReturnJsonArrayWithMultipleErrors()" classname="validation.ValueValidationTest" time="2.558"/>
  <system-out><![CDATA[]]></system-out>
  <system-err><![CDATA[]]></system-err>
</testsuite>
