<?xml version="1.0" encoding="UTF-8"?>
<testsuite name="server.ServerIntegrationTest" tests="2" skipped="2" failures="0" errors="0" timestamp="2022-06-07T06:18:52" hostname="Utkashs-MacBook-Pro.local" time="0.001">
  <properties/>
  <testcase name="shouldReturnPageNotFoundResponse()" classname="server.ServerIntegrationTest" time="0.001">
    <skipped/>
  </testcase>
  <testcase name="shouldReturn200ResponseForGetRequest()" classname="server.ServerIntegrationTest" time="0.0">
    <skipped/>
  </testcase>
  <system-out><![CDATA[]]></system-out>
  <system-err><![CDATA[]]></system-err>
</testsuite>
