<?xml version="1.0" encoding="UTF-8"?>
<testsuite name="validation.LengthValidationTest" tests="3" skipped="0" failures="0" errors="0" timestamp="2022-06-07T06:19:17" hostname="Utkashs-MacBook-Pro.local" time="7.697">
  <properties/>
  <testcase name="shouldReturnJsonArrayWithNoErrors()" classname="validation.LengthValidationTest" time="2.662"/>
  <testcase name="shouldPerformLengthValidationCheck()" classname="validation.LengthValidationTest" time="2.591"/>
  <testcase name="shouldReturnJsonArrayWithMultipleErrors()" classname="validation.LengthValidationTest" time="2.443"/>
  <system-out><![CDATA[{Export=[2, 3, 4]}
]]></system-out>
  <system-err><![CDATA[]]></system-err>
</testsuite>
