<?xml version="1.0" encoding="UTF-8"?>
<testsuite name="routeHandler.getRouteHandler.getResponse.ErrorPageTest" tests="3" skipped="0" failures="0" errors="0" timestamp="2022-06-06T11:39:20" hostname="Utkashs-MacBook-Pro.local" time="0.009">
  <properties/>
  <testcase name="shouldReturn404PageErrorForInvalidJavascriptFileGetRequest()" classname="routeHandler.getRouteHandler.getResponse.ErrorPageTest" time="0.008"/>
  <testcase name="shouldReturn404PageErrorForInvalidCSSFileGetRequest()" classname="routeHandler.getRouteHandler.getResponse.ErrorPageTest" time="0.001"/>
  <testcase name="shouldReturn404PageErrorForInvalidHTMLGetRequest()" classname="routeHandler.getRouteHandler.getResponse.ErrorPageTest" time="0.0"/>
  <system-out><![CDATA[]]></system-out>
  <system-err><![CDATA[]]></system-err>
</testsuite>
